$ python3 /Users/oscar/Desktop/pentool-v0.65/pentool-v0.065.py 10.48.141.0 --ui cli --authorized --workspace /Users/oscar/Desktop/pentool-v0.65/runs --run-id c33ba23a89 --pn --staged --scan-mode quick --preset pro-fast --searchsploit --nuclei --enum4linux --ffuf --no-nikto --web-early --max-web-urls 2 --max-gobuster 1 --gobuster-threads 15
# started: 2026-06-11 23:58:35

╭─────────────────────────── Pentool ────────────────────────────╮
│                                                                │
│  ██████╗ ███████╗███╗   ██╗████████╗ ██████╗  ██████╗ ██╗      │
│  ██╔══██╗██╔════╝████╗  ██║╚══██╔══╝██╔═══██╗██╔═══██╗██║      │
│  ██████╔╝█████╗  ██╔██╗ ██║   ██║   ██║   ██║██║   ██║██║      │
│  ██╔═══╝ ██╔══╝  ██║╚██╗██║   ██║   ██║   ██║██║   ██║██║      │
│  ██║     ███████╗██║ ╚████║   ██║   ╚██████╔╝╚██████╔╝███████╗ │
│  ╚═╝     ╚══════╝╚═╝  ╚═══╝   ╚═╝    ╚═════╝  ╚═════╝ ╚══════╝ │
│                                                                │
│ pentool v0.65 — Recon/Enum automation                          │
│ Detection-only (pas d'exploitation)                            │
╰────────────────────────────────────────────────────────────────╯
                               Pré-checks outils                                
                                                                                
  Outil           Rôle                                                Statut    
 ────────────────────────────────────────────────────────────────────────────── 
  nmap            Scan réseau + scripts NSE                           ✓ OK      
  ffuf            Fuzzing web avancé (dirs + vhosts)                  ✓ OK      
  searchsploit    Mapping Exploit-DB (références)                     ✓ OK      
  nuclei          Vuln scanner moderne (templates communautaires)     ✓ OK      
  whatweb         Fingerprinting web                                  ✗ ABSENT  
  nikto           Web checks (legacy, verbose)                        ✗ ABSENT  
  gobuster        Bruteforce répertoires                              ✗ ABSENT  
  enum4linux-ng   Énumération SMB/NetBIOS (shares, users, policies)   ✗ ABSENT  
                                                                                
enum4linux-ng activé mais absent -> désactivation.
Wordlist introuvable: /usr/share/wordlists/dirb/common.txt -> gobuster/ffuf SKIP
Aucune wordlist SecLists trouvée — le fuzzing web sera limité
Target: 10.48.141.0
Run dir: /Users/oscar/Desktop/pentool-v0.65/runs/10.48.141.0/c33ba23a89
Preset: pro-fast | Staged Nmap: True | scan-mode: quick
Web early activé: max_urls=2, max_gobuster=1, gobuster_t=15
Non-root détecté: utilisation de -sT (connect scan). Pour -sS, lance avec sudo.
Étape 1/4 — Nmap ports discovery (quick, staged)
FAIL [nmap ports] (rc=1, 1.5s) -> 
/Users/oscar/Desktop/pentool-v0.65/runs/10.48.141.0/c33ba23a89/logs/nmap_ports_c
md.txt
Aucun port open détecté sur la phase ports discovery.
Aucun service open détecté.
Étape 3b/4 — Searchsploit (références Exploit-DB via --nmap)
OK  [searchsploit] (1.8s) -> 
/Users/oscar/Desktop/pentool-v0.65/runs/10.48.141.0/c33ba23a89/logs/searchsploit
_cmd.txt
Nuclei vuln scan (severity: high,critical, 1 cible(s))
OK  [nuclei] (103.5s) -> 
/Users/oscar/Desktop/pentool-v0.65/runs/10.48.141.0/c33ba23a89/logs/nuclei_cmd.t
xt
Génération reporting
Module reporting.py non trouvé — fallback report basique
Report généré: 
/Users/oscar/Desktop/pentool-v0.65/runs/10.48.141.0/c33ba23a89/report.md
╭─────────────────────────────────── Résumé ───────────────────────────────────╮
│ Run dir: /Users/oscar/Desktop/pentool-v0.65/runs/10.48.141.0/c33ba23a89      │
│ Preset: pro-fast                                                             │
│ Services: 0                                                                  │
│ URLs: 0                                                                      │
│ Findings: 2                                                                  │
│                                                                              │
│ nmap_ports: 1.5s                                                             │
│ searchsploit: 1.8s                                                           │
│ web_enum: 0.0s                                                               │
│ nuclei: 103.6s                                                               │
│ total: 106.9s                                                                │
│                                                                              │
│ Report:                                                                      │
│ /Users/oscar/Desktop/pentool-v0.65/runs/10.48.141.0/c33ba23a89/report.md     │
╰──────────────────────────────────────────────────────────────────────────────╯
