$ python3 /pentool/pentool-v0.065.py 10.48.141.252 --ui cli --authorized --workspace /runs --run-id e4544c6567 --pn --staged --scan-mode pentest --preset pro-fast --searchsploit --nuclei --enum4linux --ffuf --no-nikto --web-early --no-web-early --web-crawl --sqlmap --xss --max-web-urls 2 --max-gobuster 1 --gobuster-threads 15 --lhost 192.168.137.185 --lport 4444 --archive-crack --wp-brute --wp-aggressive --wp-exploit
# started: 2026-06-15 12:18:15


 ██████╗ ███████╗███╗   ██╗████████╗ ██████╗  ██████╗ ██╗
 ██╔══██╗██╔════╝████╗  ██║╚══██╔══╝██╔═══██╗██╔═══██╗██║
 ██████╔╝█████╗  ██╔██╗ ██║   ██║   ██║   ██║██║   ██║██║
 ██╔═══╝ ██╔══╝  ██║╚██╗██║   ██║   ██║   ██║██║   ██║██║
 ██║     ███████╗██║ ╚████║   ██║   ╚██████╔╝╚██████╔╝███████╗
 ╚═╝     ╚══════╝╚═╝  ╚═══╝   ╚═╝    ╚═════╝  ╚═════╝ ╚══════╝

pentool v0.66 — Recon/Enum automation (detection-only)

Outils présents: nmap, whatweb, nikto, gobuster, ffuf, searchsploit, nuclei, enum4linux-ng
  Wordlist: common.txt (37 Ko)
Wordlist custom : /usr/share/seclists/Discovery/Web-Content/common.txt (37 Ko)
LHOST `192.168.137.185` vérifié et sauvegardé.
Target: 10.48.141.252
Run dir: /runs/10.48.141.252/e4544c6567
Preset: pro-fast | Staged Nmap: True | scan-mode: pentest
Étape 1/4 — Nmap ports discovery (pentest, staged)
OK  [nmap ports] (0.8s) -> /runs/10.48.141.252/e4544c6567/logs/nmap_ports_cmd.txt
Ports ouverts détectés: 21,22,139,445
Étape 2/4 — Nmap enum ciblée (ports ouverts)
OK  [nmap enum] (24.5s) -> /runs/10.48.141.252/e4544c6567/logs/nmap_enum_cmd.txt
21/tcp ftp vsftpd 2.0.8 or later 
22/tcp ssh OpenSSH 7.6p1 Ubuntu 4ubuntu0.3 Ubuntu Linux; protocol 2.0
139/tcp netbios-ssn Samba smbd 3.X - 4.X workgroup: WORKGROUP
445/tcp netbios-ssn Samba smbd 4.7.6-Ubuntu workgroup: WORKGROUP
Étape 3b/4 — Searchsploit (références Exploit-DB via --nmap)
OK  [searchsploit] (2.1s) -> /runs/10.48.141.252/e4544c6567/logs/searchsploit_cmd.txt
enum4linux-ng — énumération SMB/NetBIOS (10.48.141.252)
OK  [enum4linux-ng] (30.0s) -> /runs/10.48.141.252/e4544c6567/logs/enum4linux_cmd.txt
Aucun service HTTP/HTTPS détecté -> SKIP web enum
[WebUI] En attente de confirmation : Brute Force WordPress — attaque par dictionnaire
[WebUI] Confirmation reçue : Brute Force WordPress — attaque par dictionnaire
[WP Exploit] Aucun credential WP disponible — lancez d'abord le module wp_brute
Nuclei: aucun service HTTP confirmé → SKIP
============================================================
PHASE EXPLOITATION
============================================================
[WebUI] En attente de confirmation : Exploitation FTP anonyme
[WebUI] Confirmation reçue : Exploitation FTP anonyme
Exploitation — FTP anonyme
[WebUI] En attente de confirmation : Exploitation SMB — accès anonyme/guest
[WebUI] Confirmation reçue : Exploitation SMB — accès anonyme/guest
Exploitation — SMB accès anonyme/guest
OK  [smbclient -L] (3.0s) -> /runs/10.48.141.252/e4544c6567/logs/exploit_smb_list_cmd.txt
FAIL [smbclient print$] (rc=1, 1.3s) -> /runs/10.48.141.252/e4544c6567/logs/exploit_smb_print__cmd.txt
OK  [smbclient pics] (2.3s) -> /runs/10.48.141.252/e4544c6567/logs/exploit_smb_pics_cmd.txt
OK  [smbmap] (3.8s) -> /runs/10.48.141.252/e4544c6567/logs/exploit_smbmap_cmd.txt
[WebUI] En attente de confirmation : Exploitation SSH — CVE-2018-15473 (OpenSSH 7.6p1 Ubuntu 4ubuntu0.3)
[WebUI] Confirmation reçue : Exploitation SSH — CVE-2018-15473 (OpenSSH 7.6p1 Ubuntu 4ubuntu0.3)
Exploitation — SSH CVE-2018-15473 (OpenSSH 7.6p1 Ubuntu 4ubuntu0.3)
OK  [ssh-userenum] (19.7s) -> /runs/10.48.141.252/e4544c6567/logs/exploit_ssh_userenum_cmd.txt
[WebUI] En attente de confirmation : Phase Post-Exploitation — accès initial + énumération interne
[WebUI] Confirmation reçue : Phase Post-Exploitation — accès initial + énumération interne
============================================================
PHASE POST-EXPLOITATION
============================================================
Génération reporting
Traceback (most recent call last):
  File "/pentool/pentool-v0.065.py", line 8040, in <module>
    main()
    ~~~~^^
  File "/pentool/pentool-v0.065.py", line 8023, in main
    reports = _generate_reports_ext(run_dir, APP_NAME, VERSION, cfg_dict, services, findings, urls, web_logs, timings)
  File "/pentool/reporting.py", line 2043, in generate_reports
    html_content = _generate_html(
        run_dir, app_name, version, cfg_dict,
        services_scored, findings, urls, web_logs, timings, kill_chain,
    )
  File "/pentool/reporting.py", line 1663, in _generate_html
    flags_kpi_color = "#27ae60" if n_flags > 0 else "#636e72"
                                   ^^^^^^^
UnboundLocalError: cannot access local variable 'n_flags' where it is not associated with a value

[!] Scan interrompu — génération du rapport partiel avec les données collectées...
[!] Rapport partiel : erreur génération : cannot access local variable 'n_flags' where it is not associated with a value
