$ python3 /pentool/pentool-v0.065.py 10.48.179.255 --ui cli --authorized --workspace /runs --run-id 8bd24eee63 --pn --staged --scan-mode pentest --preset pro-fast --searchsploit --nuclei --enum4linux --ffuf --no-nikto --web-early --max-web-urls 2 --max-gobuster 1 --gobuster-threads 15 --lhost 192.168.137.185 --lport 4444
# started: 2026-06-12 09:36:54


 ‚Ėą‚Ėą‚Ėą‚Ėą‚Ėą‚Ėą‚ēó ‚Ėą‚Ėą‚Ėą‚Ėą‚Ėą‚Ėą‚Ėą‚ēó‚Ėą‚Ėą‚Ėą‚ēó   ‚Ėą‚Ėą‚ēó‚Ėą‚Ėą‚Ėą‚Ėą‚Ėą‚Ėą‚Ėą‚Ėą‚ēó ‚Ėą‚Ėą‚Ėą‚Ėą‚Ėą‚Ėą‚ēó  ‚Ėą‚Ėą‚Ėą‚Ėą‚Ėą‚Ėą‚ēó ‚Ėą‚Ėą‚ēó
 ‚Ėą‚Ėą‚ēĒ‚ēź‚ēź‚Ėą‚Ėą‚ēó‚Ėą‚Ėą‚ēĒ‚ēź‚ēź‚ēź‚ēź‚ēĚ‚Ėą‚Ėą‚Ėą‚Ėą‚ēó  ‚Ėą‚Ėą‚ēĎ‚ēö‚ēź‚ēź‚Ėą‚Ėą‚ēĒ‚ēź‚ēź‚ēĚ‚Ėą‚Ėą‚ēĒ‚ēź‚ēź‚ēź‚Ėą‚Ėą‚ēó‚Ėą‚Ėą‚ēĒ‚ēź‚ēź‚ēź‚Ėą‚Ėą‚ēó‚Ėą‚Ėą‚ēĎ
 ‚Ėą‚Ėą‚Ėą‚Ėą‚Ėą‚Ėą‚ēĒ‚ēĚ‚Ėą‚Ėą‚Ėą‚Ėą‚Ėą‚ēó  ‚Ėą‚Ėą‚ēĒ‚Ėą‚Ėą‚ēó ‚Ėą‚Ėą‚ēĎ   ‚Ėą‚Ėą‚ēĎ   ‚Ėą‚Ėą‚ēĎ   ‚Ėą‚Ėą‚ēĎ‚Ėą‚Ėą‚ēĎ   ‚Ėą‚Ėą‚ēĎ‚Ėą‚Ėą‚ēĎ
 ‚Ėą‚Ėą‚ēĒ‚ēź‚ēź‚ēź‚ēĚ ‚Ėą‚Ėą‚ēĒ‚ēź‚ēź‚ēĚ  ‚Ėą‚Ėą‚ēĎ‚ēö‚Ėą‚Ėą‚ēó‚Ėą‚Ėą‚ēĎ   ‚Ėą‚Ėą‚ēĎ   ‚Ėą‚Ėą‚ēĎ   ‚Ėą‚Ėą‚ēĎ‚Ėą‚Ėą‚ēĎ   ‚Ėą‚Ėą‚ēĎ‚Ėą‚Ėą‚ēĎ
 ‚Ėą‚Ėą‚ēĎ     ‚Ėą‚Ėą‚Ėą‚Ėą‚Ėą‚Ėą‚Ėą‚ēó‚Ėą‚Ėą‚ēĎ ‚ēö‚Ėą‚Ėą‚Ėą‚Ėą‚ēĎ   ‚Ėą‚Ėą‚ēĎ   ‚ēö‚Ėą‚Ėą‚Ėą‚Ėą‚Ėą‚Ėą‚ēĒ‚ēĚ‚ēö‚Ėą‚Ėą‚Ėą‚Ėą‚Ėą‚Ėą‚ēĒ‚ēĚ‚Ėą‚Ėą‚Ėą‚Ėą‚Ėą‚Ėą‚Ėą‚ēó
 ‚ēö‚ēź‚ēĚ     ‚ēö‚ēź‚ēź‚ēź‚ēź‚ēź‚ēź‚ēĚ‚ēö‚ēź‚ēĚ  ‚ēö‚ēź‚ēź‚ēź‚ēĚ   ‚ēö‚ēź‚ēĚ    ‚ēö‚ēź‚ēź‚ēź‚ēź‚ēź‚ēĚ  ‚ēö‚ēź‚ēź‚ēź‚ēź‚ēź‚ēĚ ‚ēö‚ēź‚ēź‚ēź‚ēź‚ēź‚ēź‚ēĚ

pentool v0.66 ‚ÄĒ Recon/Enum automation (detection-only)

Outils pr√©sents: nmap, whatweb, nikto, gobuster, ffuf, searchsploit, nuclei, enum4linux-ng
Wordlist introuvable: /usr/share/wordlists/dirb/common.txt -> gobuster/ffuf SKIP
Aucune wordlist SecLists trouv√©e ‚ÄĒ le fuzzing web sera limit√©
Target: 10.48.179.255
Run dir: /runs/10.48.179.255/8bd24eee63
Preset: pro-fast | Staged Nmap: True | scan-mode: pentest
Web early activ√©: max_urls=2, max_gobuster=1, gobuster_t=15
√Čtape 1/4 ‚ÄĒ Nmap ports discovery (pentest, staged)
OK  [nmap ports] (1.1s) -> /runs/10.48.179.255/8bd24eee63/logs/nmap_ports_cmd.txt
Ports ouverts d√©tect√©s: 21,22,139,445
√Čtape 2/4 ‚ÄĒ Nmap enum cibl√©e (ports ouverts)

[!] Interruption (signal 15) ‚ÄĒ arr√™t des outils en cours‚Ä¶
